This is pdfTeX, Version 3.14159265-2.6-1.40.21 (MiKTeX 21.1) (preloaded format=pdflatex 2021.2.5)  19 MAR 2021 15:17
entering extended mode
**/Users/chaowen/Desktop/github/cv/cv.tex
(/Users/chaowen/Desktop/github/cv/cv.tex
LaTeX2e <2020-10-01> patch level 4
L3 programming layer <2021-01-09> xparse <2020-03-03> (/Users/chaowen/Desktop/github/cv/res.cls
Document Style `res' <26 Sep 89>.
Document Class: res 2000/05/19 v1.4b Resume class
("/Users/chaowen/Library/Application Support/MiKTeX/texmfs/install/tex/latex/base/article.cls"
Document Class: article 2020/04/10 v1.4m Standard LaTeX document class
("/Users/chaowen/Library/Application Support/MiKTeX/texmfs/install/tex/latex/base/size10.clo"
File: size10.clo 2020/04/10 v1.4m Standard LaTeX file (size option)
)
\c@part=\count177
\c@section=\count178
\c@subsection=\count179
\c@subsubsection=\count180
\c@paragraph=\count181
\c@subparagraph=\count182
\c@figure=\count183
\c@table=\count184
\abovecaptionskip=\skip47
\belowcaptionskip=\skip48
\bibindent=\dimen138
)
No auxiliary output files.

\tabular@text=\toks15
\tabular@head=\toks16
\tabular@tail=\toks17
\@ta=\toks18
\undefined@token=\toks19
\sectionwidth=\dimen139
\sectionskip=\skip49
\resumewidth=\dimen140
\@columnwidth=\dimen141
\c@numberofcolumns=\count185
) ("/Users/chaowen/Library/Application Support/MiKTeX/texmfs/install/tex/latex/psnfss/helvet.sty"
Package: helvet 2020/03/25 PSNFSS-v9.3 (WaS) 
 ("/Users/chaowen/Library/Application Support/MiKTeX/texmfs/install/tex/latex/graphics/keyval.sty"
Package: keyval 2014/10/28 v1.15 key=value parser (DPC)
\KV@toks@=\toks20
)) ("/Users/chaowen/Library/Application Support/MiKTeX/texmfs/install/tex/latex/l3backend/l3backend-pdftex.def"
File: l3backend-pdftex.def 2020-01-29 L3 backend support: PDF output (pdfTeX)
\l__color_backend_stack_int=\count186
\l__pdf_internal_box=\box47
) (/Users/chaowen/Desktop/github/cv/cv.aux)
LaTeX Font Info:    Checking defaults for OML/cmm/m/it on input line 54.
LaTeX Font Info:    ... okay on input line 54.
LaTeX Font Info:    Checking defaults for OMS/cmsy/m/n on input line 54.
LaTeX Font Info:    ... okay on input line 54.
LaTeX Font Info:    Checking defaults for OT1/cmr/m/n on input line 54.
LaTeX Font Info:    ... okay on input line 54.
LaTeX Font Info:    Checking defaults for T1/cmr/m/n on input line 54.
LaTeX Font Info:    ... okay on input line 54.
LaTeX Font Info:    Checking defaults for TS1/cmr/m/n on input line 54.
LaTeX Font Info:    ... okay on input line 54.
LaTeX Font Info:    Checking defaults for OMX/cmex/m/n on input line 54.
LaTeX Font Info:    ... okay on input line 54.
LaTeX Font Info:    Checking defaults for U/cmr/m/n on input line 54.
LaTeX Font Info:    ... okay on input line 54.
LaTeX Font Info:    External font `cmex10' loaded for size
(Font)              <7> on input line 75.
LaTeX Font Info:    External font `cmex10' loaded for size
(Font)              <5> on input line 75.

Overfull \hbox (0.21649pt too wide) in paragraph at lines 127--129
[]\OT1/cmr/bx/n/10 Dynamic Distributed Deep Neural Network Deployment inEdge-Computing
 []


Underfull \hbox (badness 10000) in paragraph at lines 130--133

 []


Underfull \hbox (badness 10000) in paragraph at lines 138--141

 []

[1

{/Users/chaowen/Library/Application Support/MiKTeX/texmfs/data/pdftex/config/pdftex.map}]
Underfull \hbox (badness 10000) in paragraph at lines 145--148

 []


Underfull \hbox (badness 10000) in paragraph at lines 152--155

 []


Overfull \hbox (26.05798pt too wide) in paragraph at lines 163--165
\OT1/cmr/m/n/10 scalable video sequences with media-aware network elements implemented in P4 programming
 []


Overfull \hbox (16.2423pt too wide) in paragraph at lines 163--165
\OT1/cmr/m/n/10 language," in Proc. of IEEE Network Operations and Management Symposium (NOMS'18)
 []


Overfull \hbox (15.89142pt too wide) in paragraph at lines 166--168
\OT1/cmr/m/n/10 temporal scheduling of in-Situ and mobile Internet-of-Things devices for urban environment
 []

[2] ) 
Here is how much of TeX's memory you used:
 549 strings out of 481551
 9924 string characters out of 2914203
 283298 words of memory out of 3000000
 17547 multiletter control sequences out of 15000+200000
 405031 words of font info for 32 fonts, out of 3000000 for 9000
 0 hyphenation exceptions out of 8191
 58i,8n,64p,435b,195s stack positions out of 5000i,500n,10000p,200000b,50000s
 </Users/chaowen/Library/Application Support/MiKTeX/texmfs/data/fonts/pk/ljfour/jknappen/ec/dpi600/tcrm1000.pk></Users/chaowen/Library/Application Support/MiKTeX/texmfs/install/fonts/type1/public/amsfonts/cm/cmbx10.pfb></Users/chaowen/Library/Application Support/MiKTeX/texmfs/install/fonts/type1/public/amsfonts/cm/cmbx12.pfb></Users/chaowen/Library/Application Support/MiKTeX/texmfs/install/fonts/type1/public/amsfonts/cm/cmr10.pfb></Users/chaowen/Library/Application Support/MiKTeX/texmfs/install/fonts/type1/public/amsfonts/cm/cmsl10.pfb>
Output written on /Users/chaowen/Desktop/github/cv/cv.pdf (2 pages, 79799 bytes).
PDF statistics:
 31 PDF objects out of 1000 (max. 8388607)
 0 named destinations out of 1000 (max. 500000)
 1 words of extra memory for PDF output out of 10000 (max. 10000000)

